[debug] [2022-10-10T10:41:12.349Z] ----------------------------------------------------------------------
[debug] [2022-10-10T10:41:12.351Z] Command:       C:\Program Files\nodejs\node.exe C:\Users\apart\AppData\Roaming\npm\node_modules\firebase-tools\lib\bin\firebase.js init
[debug] [2022-10-10T10:41:12.351Z] CLI Version:   11.14.1
[debug] [2022-10-10T10:41:12.352Z] Platform:      win32
[debug] [2022-10-10T10:41:12.352Z] Node Version:  v16.17.0
[debug] [2022-10-10T10:41:12.353Z] Time:          Mon Oct 10 2022 21:41:12 GMT+1100 (Australian Eastern Daylight Time)
[debug] [2022-10-10T10:41:12.353Z] ----------------------------------------------------------------------
[debug] 
[debug] [2022-10-10T10:41:12.424Z] > command requires scopes: ["email","openid","https://www.googleapis.com/auth/cloudplatformprojects.readonly","https://www.googleapis.com/auth/firebase","https://www.googleapis.com/auth/cloud-platform"]
[debug] [2022-10-10T10:41:12.425Z] > authorizing via signed-in user (aparth76@gmail.com)
[info] 
     ######## #### ########  ######## ########     ###     ######  ########
     ##        ##  ##     ## ##       ##     ##  ##   ##  ##       ##
     ######    ##  ########  ######   ########  #########  ######  ######
     ##        ##  ##    ##  ##       ##     ## ##     ##       ## ##
     ##       #### ##     ## ######## ########  ##     ##  ######  ########

You're about to initialize a Firebase project in this directory:

  C:\clones\parth-portfolio

Before we get started, keep in mind:

  * You are currently outside your home directory
  * You are initializing within an existing Firebase project directory

[info] 
=== Project Setup
[info] 
[info] First, let's associate this project directory with a Firebase project.
[info] You can create multiple project aliases by running firebase use --add, 
[info] but for now we'll just set up a default project.
[info] 
[debug] [2022-10-10T10:41:19.771Z] Using project from CLI flag: personal-portfolio-97cbb
[debug] [2022-10-10T10:41:19.773Z] >>> [apiv2][query] GET https://firebase.googleapis.com/v1beta1/projects/personal-portfolio-97cbb [none]
[debug] [2022-10-10T10:41:20.336Z] <<< [apiv2][status] GET https://firebase.googleapis.com/v1beta1/projects/personal-portfolio-97cbb 200
[debug] [2022-10-10T10:41:20.337Z] <<< [apiv2][body] GET https://firebase.googleapis.com/v1beta1/projects/personal-portfolio-97cbb {"projectId":"personal-portfolio-97cbb","projectNumber":"345689522388","displayName":"personal-portfolio","name":"projects/personal-portfolio-97cbb","resources":{"hostingSite":"personal-portfolio-97cbb"},"state":"ACTIVE","etag":"1_e48ffaea-dfa3-42a0-bdcb-b45f02633321"}
[info] i  Using project personal-portfolio-97cbb (personal-portfolio) 
[info] 
=== Hosting Setup
[info] 
[info] Your public directory is the folder (relative to your project directory) that
[info] will contain Hosting assets to be uploaded with firebase deploy. If you
[info] have a build process for your assets, use your build's output directory.
[info] 
